<?xml version="1.0" encoding="UTF-8"?>
<!-- Generated by org.testng.reporters.JUnitReportReporter -->
<testsuite skipped="0" hostname="User-PC" name="plexus.reg.RegTest_5" tests="1" failures="0" timestamp="24 Nov 2017 09:08:50 GMT" time="69.685" errors="0">
  <testcase name="RegTest5" time="69.685" classname="plexus.reg.RegTest_5"/>
</testsuite> <!-- plexus.reg.RegTest_5 -->
