<?xml version="1.0" encoding="UTF-8"?>
<!-- Generated by org.testng.reporters.JUnitReportReporter -->
<testsuite skipped="0" hostname="User-PC" name="plexus.reg.CreatePrefilledForm_2" tests="1" failures="0" timestamp="24 Nov 2017 09:24:44 GMT" time="55.226" errors="0">
  <testcase name="CreatePreFilledForm" time="55.226" classname="plexus.reg.CreatePrefilledForm_2"/>
</testsuite> <!-- plexus.reg.CreatePrefilledForm_2 -->
