<?xml version="1.0" encoding="UTF-8"?>
<!-- Generated by org.testng.reporters.JUnitReportReporter -->
<testsuite skipped="0" hostname="User-PC" name="plexus.reg.RegTest_2" tests="1" failures="0" timestamp="24 Nov 2017 06:13:22 GMT" time="34.228" errors="0">
  <testcase name="RegTest2" time="34.228" classname="plexus.reg.RegTest_2"/>
</testsuite> <!-- plexus.reg.RegTest_2 -->
