<?xml version="1.0" encoding="UTF-8"?>
<!-- Generated by org.testng.reporters.JUnitReportReporter -->
<testsuite skipped="0" hostname="User-PC" name="plexus.reg.RegTest_11" tests="1" failures="0" timestamp="24 Nov 2017 03:42:21 GMT" time="30.664" errors="0">
  <testcase name="RegTest11" time="30.664" classname="plexus.reg.RegTest_11"/>
</testsuite> <!-- plexus.reg.RegTest_11 -->
