<?xml version="1.0" encoding="UTF-8"?>
<!-- Generated by org.testng.reporters.JUnitReportReporter -->
<testsuite skipped="0" hostname="DESKTOP-IQOQ25D" name="plexus.reg.DrawsandGWP3a" tests="1" failures="0" timestamp="24 Feb 2017 07:05:34 GMT" time="23.463" errors="0">
  <testcase name="DrawsandGWP3a" time="23.463" classname="plexus.reg.DrawsandGWP3a"/>
</testsuite> <!-- plexus.reg.DrawsandGWP3a -->
