<?xml version="1.0" encoding="UTF-8"?>
<!-- Generated by org.testng.reporters.JUnitReportReporter -->
<testsuite skipped="0" hostname="User-PC" name="plexus.reg.RegTest_9" tests="1" failures="0" timestamp="24 Nov 2017 03:42:20 GMT" time="39.927" errors="0">
  <testcase name="RegTest9" time="39.927" classname="plexus.reg.RegTest_9"/>
</testsuite> <!-- plexus.reg.RegTest_9 -->
