<?xml version="1.0" encoding="UTF-8"?>
<!-- Generated by org.testng.reporters.JUnitReportReporter -->
<testsuite skipped="0" hostname="User-PC" name="plexus.reg.DrawsandGWP_1" tests="1" failures="0" timestamp="24 Nov 2017 04:22:40 GMT" time="64.094" errors="0">
  <testcase name="DrawsandGWP1" time="64.094" classname="plexus.reg.DrawsandGWP_1"/>
</testsuite> <!-- plexus.reg.DrawsandGWP_1 -->
