<?xml version="1.0" encoding="UTF-8"?>
<!-- Generated by org.testng.reporters.JUnitReportReporter -->
<testsuite skipped="0" hostname="User-PC" name="plexus.reg.RegTest_3" tests="1" failures="0" timestamp="24 Nov 2017 03:42:21 GMT" time="67.678" errors="0">
  <testcase name="RegTest3" time="67.678" classname="plexus.reg.RegTest_3"/>
</testsuite> <!-- plexus.reg.RegTest_3 -->
