<?xml version="1.0" encoding="UTF-8"?>
<!-- Generated by org.testng.reporters.JUnitReportReporter -->
<testsuite skipped="0" hostname="User-PC" name="plexus.reg.RegTest_13" tests="1" failures="0" timestamp="24 Nov 2017 09:57:19 GMT" time="51.781" errors="0">
  <testcase name="RegTest13" time="51.781" classname="plexus.reg.RegTest_13"/>
</testsuite> <!-- plexus.reg.RegTest_13 -->
