<?xml version="1.0" encoding="UTF-8"?>
<!-- Generated by org.testng.reporters.JUnitReportReporter -->
<testsuite skipped="0" hostname="User-PC" name="plexus.reg.CreatePreFilledForm_4" tests="1" failures="0" timestamp="24 Nov 2017 03:42:20 GMT" time="83.755" errors="0">
  <testcase name="CreatePreFilledForm" time="83.755" classname="plexus.reg.CreatePreFilledForm_4"/>
</testsuite> <!-- plexus.reg.CreatePreFilledForm_4 -->
