<?xml version="1.0" encoding="UTF-8"?>
<!-- Generated by org.testng.reporters.JUnitReportReporter -->
<testsuite skipped="0" hostname="User-PC" name="plexus.reg.DrawsandGWP_3a" tests="1" failures="0" timestamp="24 Nov 2017 03:42:20 GMT" time="35.309" errors="0">
  <testcase name="DrawsandGWP3a" time="35.309" classname="plexus.reg.DrawsandGWP_3a"/>
</testsuite> <!-- plexus.reg.DrawsandGWP_3a -->
