<?xml version="1.0" encoding="UTF-8"?>
<!-- Generated by org.testng.reporters.JUnitReportReporter -->
<testsuite skipped="0" hostname="User-PC" name="plexus.reg.CreatePreFilledForm_5" tests="1" failures="0" timestamp="24 Nov 2017 09:34:14 GMT" time="77.842" errors="0">
  <testcase name="CreatePreFilledForm" time="77.842" classname="plexus.reg.CreatePreFilledForm_5"/>
</testsuite> <!-- plexus.reg.CreatePreFilledForm_5 -->
