<?xml version="1.0" encoding="UTF-8"?>
<!-- Generated by org.testng.reporters.JUnitReportReporter -->
<testsuite skipped="0" hostname="User-PC" name="plexus.reg.DrawsandGWP_5" tests="1" failures="0" timestamp="24 Nov 2017 07:48:52 GMT" time="65.644" errors="0">
  <testcase name="DrawsandGWP5" time="65.644" classname="plexus.reg.DrawsandGWP_5"/>
</testsuite> <!-- plexus.reg.DrawsandGWP_5 -->
