<?xml version="1.0" encoding="UTF-8"?>
<!-- Generated by org.testng.reporters.JUnitReportReporter -->
<testsuite skipped="0" hostname="User-PC" name="plexus.reg.CreatePreFilledForm_3" tests="1" failures="0" timestamp="24 Nov 2017 03:42:21 GMT" time="108.104" errors="0">
  <testcase name="CreatePreFilledForm" time="108.104" classname="plexus.reg.CreatePreFilledForm_3"/>
</testsuite> <!-- plexus.reg.CreatePreFilledForm_3 -->
