<?xml version="1.0" encoding="UTF-8"?>
<!-- Generated by org.testng.reporters.JUnitReportReporter -->
<testsuite skipped="0" hostname="User-PC" name="plexus.reg.DrawsandGWP_2" tests="1" failures="0" timestamp="24 Nov 2017 04:26:27 GMT" time="51.721" errors="0">
  <testcase name="DrawsandGWP2" time="51.721" classname="plexus.reg.DrawsandGWP_2"/>
</testsuite> <!-- plexus.reg.DrawsandGWP_2 -->
