<?xml version="1.0" encoding="UTF-8"?>
<!-- Generated by org.testng.reporters.JUnitReportReporter -->
<testsuite skipped="0" hostname="User-PC" name="plexus.reg.RegTest_15" tests="1" failures="0" timestamp="24 Nov 2017 03:42:20 GMT" time="72.916" errors="0">
  <testcase name="RegTest15" time="72.916" classname="plexus.reg.RegTest_15"/>
</testsuite> <!-- plexus.reg.RegTest_15 -->
