<?xml version="1.0" encoding="UTF-8"?>
<!-- Generated by org.testng.reporters.JUnitReportReporter -->
<testsuite skipped="0" hostname="User-PC" name="plexus.reg.DrawsandGWP_3" tests="1" failures="0" timestamp="24 Nov 2017 03:42:21 GMT" time="33.629" errors="0">
  <testcase name="DrawsandGWP3" time="33.629" classname="plexus.reg.DrawsandGWP_3"/>
</testsuite> <!-- plexus.reg.DrawsandGWP_3 -->
