<?xml version="1.0" encoding="UTF-8"?>
<!-- Generated by org.testng.reporters.JUnitReportReporter -->
<testsuite skipped="0" hostname="DESKTOP-IQOQ25D" name="plexus.reg.DrawsandGWP" tests="1" failures="0" timestamp="26 Jan 2017 11:05:44 GMT" time="1874.092" errors="0">
  <testcase name="TestDrawsandGWP" time="1874.092" classname="plexus.reg.DrawsandGWP"/>
</testsuite> <!-- plexus.reg.DrawsandGWP -->
