<?xml version="1.0" encoding="UTF-8"?>
<!-- Generated by org.testng.reporters.JUnitReportReporter -->
<testsuite skipped="0" hostname="User-PC" name="plexus.reg.CreatePrefilledForm_1" tests="1" failures="0" timestamp="24 Nov 2017 09:20:16 GMT" time="36.330" errors="0">
  <testcase name="CreatePrefilledForm" time="36.330" classname="plexus.reg.CreatePrefilledForm_1"/>
</testsuite> <!-- plexus.reg.CreatePrefilledForm_1 -->
