<?xml version="1.0" encoding="UTF-8"?>
<!-- Generated by org.testng.reporters.JUnitReportReporter -->
<testsuite skipped="0" hostname="User-PC" name="plexus.reg.RegTest_6" tests="1" failures="0" timestamp="24 Nov 2017 03:42:21 GMT" time="70.229" errors="0">
  <testcase name="RegTest6" time="70.229" classname="plexus.reg.RegTest_6"/>
</testsuite> <!-- plexus.reg.RegTest_6 -->
