<?xml version="1.0" encoding="UTF-8"?>
<!-- Generated by org.testng.reporters.JUnitReportReporter -->
<testsuite skipped="0" hostname="User-PC" name="plexus.reg.RegTest_10" tests="1" failures="0" timestamp="24 Nov 2017 09:39:55 GMT" time="36.908" errors="0">
  <testcase name="RegTest10" time="36.908" classname="plexus.reg.RegTest_10"/>
</testsuite> <!-- plexus.reg.RegTest_10 -->
