<?xml version="1.0" encoding="UTF-8"?>
<!-- Generated by org.testng.reporters.JUnitReportReporter -->
<testsuite skipped="0" hostname="User-PC" name="plexus.reg.RegTest_5_1" tests="1" failures="0" timestamp="24 Nov 2017 09:16:33 GMT" time="56.396" errors="0">
  <testcase name="RegTest5" time="56.396" classname="plexus.reg.RegTest_5_1"/>
</testsuite> <!-- plexus.reg.RegTest_5_1 -->
