<?xml version="1.0" encoding="UTF-8"?>
<!-- Generated by org.testng.reporters.JUnitReportReporter -->
<testsuite skipped="0" hostname="User-PC" name="plexus.reg.DrawsandGWP_4" tests="1" failures="0" timestamp="24 Nov 2017 05:40:24 GMT" time="67.180" errors="0">
  <testcase name="DrawsandGWP4" time="67.180" classname="plexus.reg.DrawsandGWP_4"/>
</testsuite> <!-- plexus.reg.DrawsandGWP_4 -->
